2025-08-20 02:59:49|error|获取语言code：100014发成错误，错误原因是：{"file":"\/www\/wwwroot\/shop.yuanshi.pro\/CRMEB-5.6.1\/crmeb\/app\/common.php","message":"Undefined offset: 1","line":1030}
2025-08-20 03:00:00|error|获取语言code：110002发成错误，错误原因是：{"file":"\/www\/wwwroot\/shop.yuanshi.pro\/CRMEB-5.6.1\/crmeb\/app\/common.php","message":"Undefined offset: 1","line":1030}
2025-08-20 03:00:00|error|获取语言code：110002发成错误，错误原因是：{"file":"\/www\/wwwroot\/shop.yuanshi.pro\/CRMEB-5.6.1\/crmeb\/app\/common.php","message":"Undefined offset: 1","line":1030}
2025-08-20 03:00:00|error|获取语言code：110002发成错误，错误原因是：{"file":"\/www\/wwwroot\/shop.yuanshi.pro\/CRMEB-5.6.1\/crmeb\/app\/common.php","message":"Undefined offset: 1","line":1030}
2025-08-20 03:00:01|error|获取语言code：110002发成错误，错误原因是：{"file":"\/www\/wwwroot\/shop.yuanshi.pro\/CRMEB-5.6.1\/crmeb\/app\/common.php","message":"Undefined offset: 1","line":1030}
2025-08-20 03:00:01|error|获取语言code：110002发成错误，错误原因是：{"file":"\/www\/wwwroot\/shop.yuanshi.pro\/CRMEB-5.6.1\/crmeb\/app\/common.php","message":"Undefined offset: 1","line":1030}
2025-08-20 03:00:01|error|获取语言code：110002发成错误，错误原因是：{"file":"\/www\/wwwroot\/shop.yuanshi.pro\/CRMEB-5.6.1\/crmeb\/app\/common.php","message":"Undefined offset: 1","line":1030}
2025-08-20 03:00:02|error|获取语言code：110002发成错误，错误原因是：{"file":"\/www\/wwwroot\/shop.yuanshi.pro\/CRMEB-5.6.1\/crmeb\/app\/common.php","message":"Undefined offset: 1","line":1030}
2025-08-20 03:00:02|error|获取语言code：110002发成错误，错误原因是：{"file":"\/www\/wwwroot\/shop.yuanshi.pro\/CRMEB-5.6.1\/crmeb\/app\/common.php","message":"Undefined offset: 1","line":1030}
2025-08-20 03:00:02|error|获取语言code：110002发成错误，错误原因是：{"file":"\/www\/wwwroot\/shop.yuanshi.pro\/CRMEB-5.6.1\/crmeb\/app\/common.php","message":"Undefined offset: 1","line":1030}
2025-08-20 03:00:08|error|获取语言code：110002发成错误，错误原因是：{"file":"\/www\/wwwroot\/shop.yuanshi.pro\/CRMEB-5.6.1\/crmeb\/app\/common.php","message":"Undefined offset: 1","line":1030}
2025-08-20 03:00:08|error|获取语言code：110002发成错误，错误原因是：{"file":"\/www\/wwwroot\/shop.yuanshi.pro\/CRMEB-5.6.1\/crmeb\/app\/common.php","message":"Undefined offset: 1","line":1030}
2025-08-20 03:00:08|error|获取语言code：110002发成错误，错误原因是：{"file":"\/www\/wwwroot\/shop.yuanshi.pro\/CRMEB-5.6.1\/crmeb\/app\/common.php","message":"Undefined offset: 1","line":1030}
2025-08-20 03:00:08|error|获取语言code：110002发成错误，错误原因是：{"file":"\/www\/wwwroot\/shop.yuanshi.pro\/CRMEB-5.6.1\/crmeb\/app\/common.php","message":"Undefined offset: 1","line":1030}
2025-08-20 03:00:08|error|获取语言code：110002发成错误，错误原因是：{"file":"\/www\/wwwroot\/shop.yuanshi.pro\/CRMEB-5.6.1\/crmeb\/app\/common.php","message":"Undefined offset: 1","line":1030}
2025-08-20 03:00:08|error|获取语言code：110002发成错误，错误原因是：{"file":"\/www\/wwwroot\/shop.yuanshi.pro\/CRMEB-5.6.1\/crmeb\/app\/common.php","message":"Undefined offset: 1","line":1030}
2025-08-20 03:00:08|error|获取语言code：110002发成错误，错误原因是：{"file":"\/www\/wwwroot\/shop.yuanshi.pro\/CRMEB-5.6.1\/crmeb\/app\/common.php","message":"Undefined offset: 1","line":1030}
2025-08-20 03:00:08|error|获取语言code：110002发成错误，错误原因是：{"file":"\/www\/wwwroot\/shop.yuanshi.pro\/CRMEB-5.6.1\/crmeb\/app\/common.php","message":"Undefined offset: 1","line":1030}
2025-08-20 03:00:08|error|获取语言code：110002发成错误，错误原因是：{"file":"\/www\/wwwroot\/shop.yuanshi.pro\/CRMEB-5.6.1\/crmeb\/app\/common.php","message":"Undefined offset: 1","line":1030}
2025-08-20 03:00:08|error|获取语言code：110002发成错误，错误原因是：{"file":"\/www\/wwwroot\/shop.yuanshi.pro\/CRMEB-5.6.1\/crmeb\/app\/common.php","message":"Undefined offset: 1","line":1030}
2025-08-20 03:00:08|error|获取语言code：110002发成错误，错误原因是：{"file":"\/www\/wwwroot\/shop.yuanshi.pro\/CRMEB-5.6.1\/crmeb\/app\/common.php","message":"Undefined offset: 1","line":1030}
2025-08-20 03:00:08|error|获取语言code：110002发成错误，错误原因是：{"file":"\/www\/wwwroot\/shop.yuanshi.pro\/CRMEB-5.6.1\/crmeb\/app\/common.php","message":"Undefined offset: 1","line":1030}
2025-08-20 03:00:08|error|获取语言code：110002发成错误，错误原因是：{"file":"\/www\/wwwroot\/shop.yuanshi.pro\/CRMEB-5.6.1\/crmeb\/app\/common.php","message":"Undefined offset: 1","line":1030}
2025-08-20 03:00:08|error|获取语言code：110002发成错误，错误原因是：{"file":"\/www\/wwwroot\/shop.yuanshi.pro\/CRMEB-5.6.1\/crmeb\/app\/common.php","message":"Undefined offset: 1","line":1030}
2025-08-20 03:00:18|error|获取语言code：110002发成错误，错误原因是：{"file":"\/www\/wwwroot\/shop.yuanshi.pro\/CRMEB-5.6.1\/crmeb\/app\/common.php","message":"Undefined offset: 1","line":1030}
2025-08-20 03:00:18|error|获取语言code：110002发成错误，错误原因是：{"file":"\/www\/wwwroot\/shop.yuanshi.pro\/CRMEB-5.6.1\/crmeb\/app\/common.php","message":"Undefined offset: 1","line":1030}
2025-08-20 03:00:18|error|获取语言code：110002发成错误，错误原因是：{"file":"\/www\/wwwroot\/shop.yuanshi.pro\/CRMEB-5.6.1\/crmeb\/app\/common.php","message":"Undefined offset: 1","line":1030}
2025-08-20 03:00:18|error|1|172.68.211.207|108|get|adminapi|/adminapi/setting/lang_code/list|{"is_admin":"0","type_id":"1","remarks":"","page":"1","limit":"20"}|{"file":"/www/wwwroot/shop.yuanshi.pro/CRMEB-5.6.1/crmeb/app/services/system/lang/LangCodeServices.php","line":47,"message":"未定义数组下标: 1","code":8}
2025-08-20 03:00:48|error|1|172.68.211.207|113|get|adminapi|/adminapi/setting/lang_code/list|{"is_admin":"0","type_id":"1","remarks":"","page":"1","limit":"20"}|{"file":"/www/wwwroot/shop.yuanshi.pro/CRMEB-5.6.1/crmeb/app/services/system/lang/LangCodeServices.php","line":47,"message":"未定义数组下标: 1","code":8}
2025-08-20 03:00:52|error|1|172.68.211.206|104|get|adminapi|/adminapi/setting/lang_code/list|{"is_admin":"0","type_id":"","remarks":"","page":"1","limit":"20"}|{"file":"/www/wwwroot/shop.yuanshi.pro/CRMEB-5.6.1/crmeb/app/services/system/lang/LangCodeServices.php","line":47,"message":"未定义数组下标: 1","code":8}
2025-08-20 03:00:54|error|1|172.68.211.207|103|get|adminapi|/adminapi/setting/lang_code/list|{"is_admin":"","type_id":"","remarks":"","page":"1","limit":"20"}|{"file":"/www/wwwroot/shop.yuanshi.pro/CRMEB-5.6.1/crmeb/app/services/system/lang/LangCodeServices.php","line":47,"message":"未定义数组下标: 1","code":8}
2025-08-20 03:00:56|error|1|172.68.211.207|133|get|adminapi|/adminapi/setting/lang_code/list|{"is_admin":"0","type_id":"1","remarks":"","page":"1","limit":"20"}|{"file":"/www/wwwroot/shop.yuanshi.pro/CRMEB-5.6.1/crmeb/app/services/system/lang/LangCodeServices.php","line":47,"message":"未定义数组下标: 1","code":8}
2025-08-20 03:43:09|error|1|162.158.193.121|107|get|adminapi|/adminapi/setting/lang_code/list|{"is_admin":"0","type_id":"1","remarks":"","page":"1","limit":"20"}|{"file":"/www/wwwroot/shop.yuanshi.pro/CRMEB-5.6.1/crmeb/app/services/system/lang/LangCodeServices.php","line":47,"message":"Undefined offset: 1","code":8}
